=== TinyMeshSession D3D12 Starting ===
main(): Calling shell.initialize()...
GlfwShell::initialize() - START
GlfwShell::initialize() - Creating factory
GlfwShell::initialize() - requestedConfigs.size()=1
GlfwShell::initialize() - Creating window
GlfwShell::initialize() - Creating platform
D3D12Context: Creating D3D12 device...
D3D12Context: Debug layer ENABLED (to capture validation messages)
D3D12Context: DRED enabled (AutoBreadcrumbs + PageFault tracking)
D3D12Context: Using HW adapter (FL 12.0)
D3D12Context: Info queue configured (break on error: DISABLED)
D3D12Context: Device created successfully
D3D12Context: Creating command queue...
D3D12Context: Command queue created successfully
D3D12Context: Creating swapchain (640x360)...
D3D12Context: Swapchain created successfully
D3D12Context: Creating RTV heap...
D3D12Context: RTV heap created successfully
D3D12Context: Creating back buffers...
D3D12Context: Back buffers created successfully
D3D12Context: Creating descriptor heaps...
D3D12Context: Creating descriptor heap manager...
D3D12Context: Descriptor heap manager created successfully
D3D12Context: Descriptor heaps created successfully
D3D12Context: Creating fence for GPU synchronization...
D3D12Context: Fence created successfully
D3D12Context: Initialization complete!
GlfwShell::initialize() - Creating session
GlfwShell::initialize() - Initializing session
GlfwShell::initialize() - SUCCESS
main(): Initialization successful, calling shell.run()...
GlfwShell::run() started, window_=00000284617FC7F0
Frame 0: willTick()
createSurfaceTextures() called #1
PlatformDevice::createTextureFromNativeDrawable() called
getCurrentBackBuffer(): index=0, resource=000002846B490C80
  backBufferIndex=0, backBuffer=000002846B490C80
Texture::createFromResource - SUCCESS: 640x360 format=17
Device::createTexture: IGL format=82 -> DXGI format=40
Texture::createFromResource - SUCCESS: 640x360 format=82
CommandBuffer::begin() - Resetting allocator...
CommandBuffer::begin() - Allocator reset OK, resetting command list...
CommandBuffer::begin() - Command list reset OK
RenderCommandEncoder::RenderCommandEncoder() - START
RenderCommandEncoder: Got context
RenderCommandEncoder: Using DescriptorHeapManager heaps
RenderCommandEncoder: CBV/SRV/UAV heap = 000002846B651DF0
RenderCommandEncoder: Sampler heap = 000002846B678250
RenderCommandEncoder: Setting descriptor heaps...
RenderCommandEncoder: Descriptor heaps set
RenderCommandEncoder: Setting up RTV...
RenderCommandEncoder: DescriptorHeapManager = 000002846188B7C0
RenderCommandEncoder: Checking framebuffer_=00000284617A37E0
RenderCommandEncoder: Has framebuffer with color attachment AND DescriptorHeapManager
RenderCommandEncoder: MRT count = 1 (indices.size=1)
RenderCommandEncoder: MRT loop i=0, tex=000002846B627D80, resource=000002846B490C80
RenderCommandEncoder: Clearing MRT attachment 0 with color (0.00, 1.00, 1.00, 1.00)
RenderCommandEncoder: MRT Created RTV #0, total RTVs now=1
RenderCommandEncoder: MRT Total RTVs created: 1
RenderCommandEncoder: Binding RTV without DSV (no hasDepth)
RenderCommandEncoder: OMSetRenderTargets with 1 RTVs, no DSV (no hasDepth)
RenderCommandEncoder: Setting default viewport...
RenderCommandEncoder: Using framebuffer color attachment
RenderCommandEncoder: Framebuffer dimensions: 640x360
RenderCommandEncoder: Set default viewport/scissor to 640x360
RenderCommandEncoder: Constructor complete!
getCurrentBackBuffer(): index=0, resource=000002846B490C80
CommandQueue::submit() - Executing command list...
CommandQueue::submit() - Command list executed, checking device status...
CommandQueue::submit() - Device OK, presenting...
CommandQueue::submit() - Present OK
CommandQueue::submit() - Waiting for GPU...
CommandQueue::submit() - Complete!
CommandQueue::submit() - Aggregating 0 draws from CB into device
CommandQueue::submit() - Device drawCount now=0

We are running screenshot test - breaking after 0 frame
copyBytes: format=17 (DXGI=87), bytesPerPixel=4, first 4 bytes: 255,255,0,255
Writing screenshot to: 'artifacts/audit_verification/BasicFramebufferSession.png'
main(): shell.run() completed, calling teardown()...
=== TinyMeshSession D3D12 Exiting ===
