=== TinyMeshSession D3D12 Starting ===
main(): Calling shell.initialize()...
GlfwShell::initialize() - START
GlfwShell::initialize() - Creating factory
GlfwShell::initialize() - requestedConfigs.size()=1
GlfwShell::initialize() - Creating window
GlfwShell::initialize() - Creating platform
D3D12Context: Creating D3D12 device...
D3D12Context: Debug layer ENABLED (to capture validation messages)
D3D12Context: DRED enabled (AutoBreadcrumbs + PageFault tracking)
D3D12Context: Using HW adapter (FL 12.0)
D3D12Context: Info queue configured (break on error: DISABLED)
D3D12Context: Device created successfully
D3D12Context: Creating command queue...
D3D12Context: Command queue created successfully
D3D12Context: Creating swapchain (640x360)...
D3D12Context: Swapchain created successfully
D3D12Context: Creating RTV heap...
D3D12Context: RTV heap created successfully
D3D12Context: Creating back buffers...
D3D12Context: Back buffers created successfully
D3D12Context: Creating descriptor heaps...
D3D12Context: Creating descriptor heap manager...
D3D12Context: Descriptor heap manager created successfully
D3D12Context: Descriptor heaps created successfully
D3D12Context: Creating fence for GPU synchronization...
D3D12Context: Fence created successfully
D3D12Context: Initialization complete!
GlfwShell::initialize() - Creating session
GlfwShell::initialize() - Initializing session
Device::createBuffer: type=1, requested_size=12, aligned_size=12, isUniform=0
GlfwShell::initialize() - SUCCESS
main(): Initialization successful, calling shell.run()...
GlfwShell::run() started, window_=0000025E973B25F0
Frame 0: willTick()
createSurfaceTextures() called #1
PlatformDevice::createTextureFromNativeDrawable() called
getCurrentBackBuffer(): index=0, resource=0000025EA121D7A0
  backBufferIndex=0, backBuffer=0000025EA121D7A0
Texture::createFromResource - SUCCESS: 640x360 format=17
Device::createTexture: IGL format=82 -> DXGI format=40
Texture::createFromResource - SUCCESS: 640x360 format=82
Device::createShaderModule() - stage=0, entryPoint='main', debugName=''
  Compiling HLSL from string (784 bytes)...
  DEBUG BUILD: Enabling shader debug info and disabling optimizations
  Shader compiled successfully (15100 bytes bytecode)
Device::createShaderModule() - stage=1, entryPoint='main', debugName=''
  Compiling HLSL from string (156 bytes)...
  DEBUG BUILD: Enabling shader debug info and disabling optimizations
  Shader compiled successfully (14380 bytes bytecode)
Device::createRenderPipeline() START - debugName=''
  Getting shader bytecode...
  VS bytecode: 15100 bytes, PS bytecode: 14380 bytes
  Creating root signature with Push Constants (b2)/CBVs (b0,b1)/SRVs/Samplers
  Serializing root signature...
  Root signature serialized OK
  Creating root signature...
  Root signature created OK
  PSO RenderTarget[0]: BlendEnable=0, SrcBlend=2, DstBlend=1, WriteMask=0x0F
  PSO NumRenderTargets = 1 (color attachments = 1)
  PSO RTVFormats[0] = 87 (IGL format 17)
  Setting PSO topology type to TRIANGLE
  Processing vertex input state: 1 attributes
    Attribute 0: name='offset', format=1, offset=0, bufferIndex=1
      Mapped 'offset' -> 'TEXCOORD'
      bufferIndex=1, isInstance=1, sampleFunc=2, InputSlotClass=1, StepRate=1
  Final input layout: 1 elements
    [0]: TEXCOORD (index 0), format 16, slot 1, offset 0
  Reflecting vertex shader to verify input signature...
    Shader expects 2 input parameters:
      [0]: TEXCOORD0 (semantic index 0), mask 0x03
      [1]: SV_VertexID0 (semantic index 0), mask 0x01
  Creating pipeline state (this may take a moment)...
Device::createRenderPipeline() SUCCESS - PSO=0000025EA12D41D0, RootSig=0000025EA1204880
RenderPipelineState: Set topology to TRIANGLELIST
Device::createBuffer: type=2, requested_size=800, aligned_size=800, isUniform=0
CommandBuffer::begin() - Resetting allocator...
CommandBuffer::begin() - Allocator reset OK, resetting command list...
CommandBuffer::begin() - Command list reset OK
RenderCommandEncoder::RenderCommandEncoder() - START
RenderCommandEncoder: Got context
RenderCommandEncoder: Using DescriptorHeapManager heaps
RenderCommandEncoder: CBV/SRV/UAV heap = 0000025EA1252C70
RenderCommandEncoder: Sampler heap = 0000025EA1085120
RenderCommandEncoder: Setting descriptor heaps...
RenderCommandEncoder: Descriptor heaps set
RenderCommandEncoder: Setting up RTV...
RenderCommandEncoder: DescriptorHeapManager = 0000025E973B3C40
RenderCommandEncoder: Checking framebuffer_=0000025E9734C110
RenderCommandEncoder: Has framebuffer with color attachment AND DescriptorHeapManager
RenderCommandEncoder: MRT count = 1 (indices.size=1)
RenderCommandEncoder: MRT loop i=0, tex=0000025EA0F46D70, resource=0000025EA121D7A0
RenderCommandEncoder: Clearing MRT attachment 0 with color (0.00, 1.00, 1.00, 1.00)
RenderCommandEncoder: MRT Created RTV #0, total RTVs now=1
RenderCommandEncoder: MRT Total RTVs created: 1
RenderCommandEncoder: Binding RTV without DSV (no hasDepth)
RenderCommandEncoder: OMSetRenderTargets with 1 RTVs, no DSV (no hasDepth)
RenderCommandEncoder: Setting default viewport...
RenderCommandEncoder: Using framebuffer color attachment
RenderCommandEncoder: Framebuffer dimensions: 640x360
RenderCommandEncoder: Set default viewport/scissor to 640x360
RenderCommandEncoder: Constructor complete!
bindRenderPipelineState: PSO=0000025EA12D41D0, RootSig=0000025EA1204880
bindRenderPipelineState: Setting topology=4
bindViewport called #1: x=0.0, y=0.0, w=640.0, h=360.0
bindVertexBuffer called #1: index=1
bindIndexBuffer called #1
DrawIndexed called: indexCount=6, instanceCount=100
DrawIndexed: bound CBVs - b0=0x0 (bound=0), b1=0x0 (bound=0)
DrawIndexed: VB[1] = GPU 0x87bc000, size=800, stride=8
DrawIndexed: CB drawCount now=1
getCurrentBackBuffer(): index=0, resource=0000025EA121D7A0
CommandQueue::submit() - Executing command list...
CommandQueue::submit() - Command list executed, checking device status...
CommandQueue::submit() - Device OK, presenting...
CommandQueue::submit() - Present OK
CommandQueue::submit() - Waiting for GPU...
CommandQueue::submit() - Complete!
CommandQueue::submit() - Aggregating 1 draws from CB into device
CommandQueue::submit() - Device drawCount now=1

We are running screenshot test - breaking after 0 frame
copyBytes: format=17 (DXGI=87), bytesPerPixel=4, first 4 bytes: 255,255,0,255
Writing screenshot to: 'artifacts/audit_verification/DrawInstancedSession.png'
main(): shell.run() completed, calling teardown()...
=== TinyMeshSession D3D12 Exiting ===
