=== TinyMeshSession D3D12 Starting ===
main(): Calling shell.initialize()...
GlfwShell::initialize() - START
GlfwShell::initialize() - Creating factory
GlfwShell::initialize() - requestedConfigs.size()=1
GlfwShell::initialize() - Creating window
GlfwShell::initialize() - Creating platform
D3D12Context: Creating D3D12 device...
D3D12Context: Debug layer ENABLED (to capture validation messages)
D3D12Context: DRED enabled (AutoBreadcrumbs + PageFault tracking)
D3D12Context: Using HW adapter (FL 12.0)
D3D12Context: Info queue configured (break on error: DISABLED)
D3D12Context: Device created successfully
D3D12Context: Creating command queue...
D3D12Context: Command queue created successfully
D3D12Context: Creating swapchain (640x360)...
D3D12Context: Swapchain created successfully
D3D12Context: Creating RTV heap...
D3D12Context: RTV heap created successfully
D3D12Context: Creating back buffers...
D3D12Context: Back buffers created successfully
D3D12Context: Creating descriptor heaps...
D3D12Context: Creating descriptor heap manager...
D3D12Context: Descriptor heap manager created successfully
D3D12Context: Descriptor heaps created successfully
D3D12Context: Creating fence for GPU synchronization...
D3D12Context: Fence created successfully
D3D12Context: Initialization complete!
GlfwShell::initialize() - Creating session
GlfwShell::initialize() - Initializing session
Device::createBuffer: type=2, requested_size=96, aligned_size=96, isUniform=0
Device::createBuffer: type=1, requested_size=6, aligned_size=6, isUniform=0
Device::createShaderModule() - stage=0, entryPoint='main', debugName=''
  Compiling HLSL from string (268 bytes)...
  DEBUG BUILD: Enabling shader debug info and disabling optimizations
  Shader compiled successfully (14500 bytes bytecode)
Device::createShaderModule() - stage=1, entryPoint='main', debugName=''
  Compiling HLSL from string (139 bytes)...
  DEBUG BUILD: Enabling shader debug info and disabling optimizations
  Shader compiled successfully (14356 bytes bytecode)
GlfwShell::initialize() - SUCCESS
main(): Initialization successful, calling shell.run()...
GlfwShell::run() started, window_=0000026F17380450
Frame 0: willTick()
createSurfaceTextures() called #1
PlatformDevice::createTextureFromNativeDrawable() called
getCurrentBackBuffer(): index=0, resource=0000026F21167290
  backBufferIndex=0, backBuffer=0000026F21167290
Texture::createFromResource - SUCCESS: 640x360 format=17
Device::createTexture: IGL format=82 -> DXGI format=40
Texture::createFromResource - SUCCESS: 640x360 format=82
Device::createRenderPipeline() START - debugName=''
  Getting shader bytecode...
  VS bytecode: 14500 bytes, PS bytecode: 14356 bytes
  Creating root signature with Push Constants (b2)/CBVs (b0,b1)/SRVs/Samplers
  Serializing root signature...
  Root signature serialized OK
  Creating root signature...
  Root signature created OK
  PSO RenderTarget[0]: BlendEnable=0, SrcBlend=2, DstBlend=1, WriteMask=0x0F
  PSO NumRenderTargets = 1 (color attachments = 1)
  PSO RTVFormats[0] = 87 (IGL format 17)
  Setting PSO topology type to TRIANGLE
  Processing vertex input state: 2 attributes
    Attribute 0: name='position', format=2, offset=0, bufferIndex=1
      Mapped 'position' -> 'POSITION'
      bufferIndex=1, isInstance=0, sampleFunc=1, InputSlotClass=0, StepRate=0
    Attribute 1: name='color_in', format=3, offset=16, bufferIndex=1
      Mapped 'color_in' -> 'COLOR'
      bufferIndex=1, isInstance=0, sampleFunc=1, InputSlotClass=0, StepRate=0
  Final input layout: 2 elements
    [0]: POSITION (index 0), format 6, slot 1, offset 0
    [1]: COLOR (index 0), format 2, slot 1, offset 16
  Reflecting vertex shader to verify input signature...
    Shader expects 2 input parameters:
      [0]: POSITION0 (semantic index 0), mask 0x07
      [1]: COLOR0 (semantic index 0), mask 0x0F
  Creating pipeline state (this may take a moment)...
Device::createRenderPipeline() SUCCESS - PSO=0000026F211F6EF0, RootSig=0000026F211E5220
RenderPipelineState: Set topology to TRIANGLELIST
CommandBuffer::begin() - Resetting allocator...
CommandBuffer::begin() - Allocator reset OK, resetting command list...
CommandBuffer::begin() - Command list reset OK
RenderCommandEncoder::RenderCommandEncoder() - START
RenderCommandEncoder: Got context
RenderCommandEncoder: Using DescriptorHeapManager heaps
RenderCommandEncoder: CBV/SRV/UAV heap = 0000026F211A56A0
RenderCommandEncoder: Sampler heap = 0000026F211CBB00
RenderCommandEncoder: Setting descriptor heaps...
RenderCommandEncoder: Descriptor heaps set
RenderCommandEncoder: Setting up RTV...
RenderCommandEncoder: DescriptorHeapManager = 0000026F173F8560
RenderCommandEncoder: Checking framebuffer_=0000026F17317B10
RenderCommandEncoder: Has framebuffer with color attachment AND DescriptorHeapManager
RenderCommandEncoder: MRT count = 1 (indices.size=1)
RenderCommandEncoder: MRT loop i=0, tex=0000026F2117EEB0, resource=0000026F21167290
RenderCommandEncoder: Clearing MRT attachment 0 with color (0.00, 1.00, 1.00, 1.00)
RenderCommandEncoder: MRT Created RTV #0, total RTVs now=1
RenderCommandEncoder: MRT Total RTVs created: 1
RenderCommandEncoder: Cleared depth-stencil (depth=1, stencil=1, depthVal=1.00, stencilVal=0)
RenderCommandEncoder: OMSetRenderTargets with 1 RTVs + DSV
RenderCommandEncoder: Setting default viewport...
RenderCommandEncoder: Using framebuffer color attachment
RenderCommandEncoder: Framebuffer dimensions: 640x360
RenderCommandEncoder: Set default viewport/scissor to 640x360
RenderCommandEncoder: Constructor complete!
bindVertexBuffer called #1: index=1
bindRenderPipelineState: PSO=0000026F211F6EF0, RootSig=0000026F211E5220
bindRenderPipelineState: Setting topology=4
bindIndexBuffer called #1
DrawIndexed called: indexCount=3, instanceCount=1
DrawIndexed: bound CBVs - b0=0x0 (bound=0), b1=0x0 (bound=0)
DrawIndexed: VB[1] = GPU 0x87bb000, size=96, stride=32
DrawIndexed: CB drawCount now=1
getCurrentBackBuffer(): index=0, resource=0000026F21167290
CommandQueue::submit() - Executing command list...
CommandQueue::submit() - Command list executed, checking device status...
CommandQueue::submit() - Device OK, presenting...
CommandQueue::submit() - Present OK
CommandQueue::submit() - Waiting for GPU...
CommandQueue::submit() - Complete!
CommandQueue::submit() - Aggregating 1 draws from CB into device
CommandQueue::submit() - Device drawCount now=1

We are running screenshot test - breaking after 0 frame
copyBytes: format=17 (DXGI=87), bytesPerPixel=4, first 4 bytes: 255,255,0,255
Writing screenshot to: 'artifacts/audit_verification/HelloWorldSession.png'
main(): shell.run() completed, calling teardown()...
=== TinyMeshSession D3D12 Exiting ===
