=== TinyMeshSession D3D12 Starting ===
main(): Calling shell.initialize()...
GlfwShell::initialize() - START
GlfwShell::initialize() - Creating factory
GlfwShell::initialize() - requestedConfigs.size()=1
GlfwShell::initialize() - Creating window
GlfwShell::initialize() - Creating platform
D3D12Context: Creating D3D12 device...
D3D12Context: Debug layer ENABLED (to capture validation messages)
D3D12Context: DRED enabled (AutoBreadcrumbs + PageFault tracking)
D3D12Context: Using HW adapter (FL 12.0)
D3D12Context: Info queue configured (break on error: DISABLED)
D3D12Context: Device created successfully
D3D12Context: Creating command queue...
D3D12Context: Command queue created successfully
D3D12Context: Creating swapchain (640x360)...
D3D12Context: Swapchain created successfully
D3D12Context: Creating RTV heap...
D3D12Context: RTV heap created successfully
D3D12Context: Creating back buffers...
D3D12Context: Back buffers created successfully
D3D12Context: Creating descriptor heaps...
D3D12Context: Creating descriptor heap manager...
D3D12Context: Descriptor heap manager created successfully
D3D12Context: Descriptor heaps created successfully
D3D12Context: Creating fence for GPU synchronization...
D3D12Context: Fence created successfully
D3D12Context: Initialization complete!
GlfwShell::initialize() - Creating session
GlfwShell::initialize() - Initializing session
Device::createBuffer: type=2, requested_size=96, aligned_size=96, isUniform=0
Device::createBuffer: type=2, requested_size=96, aligned_size=96, isUniform=0
Device::createBuffer: type=1, requested_size=12, aligned_size=12, isUniform=0
Device::createTexture: IGL format=19 -> DXGI format=29
Texture::createFromResource - SUCCESS: 1024x1024 format=19
Texture::upload() - START: 1024x1024
Texture::upload() - Proceeding with upload
Texture::upload() - Dimensions: 1024x1024x1, bytesPerRow=4096, numRows=1024, totalBytes=4194304
Texture::upload() - Layout: RowPitch=4096, Depth=1, Format=29, Dimension=3
Texture::upload() - Copy loop: depth=1, rows=1024, srcDepthPitch=4194304, dstDepthPitch=4194304
Texture::upload() - CopyTextureRegion: srcBox (0,0,0)->(1024,1024,1), dst offset (0,0,0)
Texture::upload() - Creating fence for GPU sync
Texture::upload() - Signaling fence and waiting...
Texture::upload() - Fence signaled, upload complete!
Device::createShaderModule() - stage=0, entryPoint='main', debugName=''
  Compiling HLSL from string (283 bytes)...
  DEBUG BUILD: Enabling shader debug info and disabling optimizations
  Shader compiled successfully (14508 bytes bytecode)
Device::createShaderModule() - stage=1, entryPoint='main', debugName=''
  Compiling HLSL from string (374 bytes)...
  DEBUG BUILD: Enabling shader debug info and disabling optimizations
  Shader compiled successfully (14748 bytes bytecode)
Device::createBuffer: type=4, requested_size=16, aligned_size=256, isUniform=1
Device::createBuffer: Uniform buffer #1 created, GPU address=0x87be000
GlfwShell::initialize() - SUCCESS
main(): Initialization successful, calling shell.run()...
GlfwShell::run() started, window_=000001DEBC414A70
Frame 0: willTick()
createSurfaceTextures() called #1
PlatformDevice::createTextureFromNativeDrawable() called
getCurrentBackBuffer(): index=0, resource=000001DEC637A510
  backBufferIndex=0, backBuffer=000001DEC637A510
Texture::createFromResource - SUCCESS: 640x360 format=17
Device::createTexture: IGL format=82 -> DXGI format=40
Texture::createFromResource - SUCCESS: 640x360 format=82
Device::createTexture: IGL format=16 -> DXGI format=28
Texture::createFromResource - SUCCESS: 640x360 format=16
Device::createTexture: IGL format=81 -> DXGI format=45
Texture::createFromResource - SUCCESS: 640x360 format=81
Device::createRenderPipeline() START - debugName=''
  Getting shader bytecode...
  VS bytecode: 14508 bytes, PS bytecode: 14748 bytes
  Creating root signature with Push Constants (b2)/CBVs (b0,b1)/SRVs/Samplers
  Serializing root signature...
  Root signature serialized OK
  Creating root signature...
  Root signature created OK
  PSO RenderTarget[0]: BlendEnable=0, SrcBlend=2, DstBlend=1, WriteMask=0x0F
  PSO NumRenderTargets = 1 (color attachments = 1)
  PSO RTVFormats[0] = 28 (IGL format 16)
  Setting PSO topology type to TRIANGLE
  Processing vertex input state: 2 attributes
    Attribute 0: name='position', format=2, offset=0, bufferIndex=0
      Mapped 'position' -> 'POSITION'
      bufferIndex=0, isInstance=0, sampleFunc=1, InputSlotClass=0, StepRate=0
    Attribute 1: name='uv_in', format=1, offset=16, bufferIndex=0
      Mapped 'uv_in' -> 'TEXCOORD'
      bufferIndex=0, isInstance=0, sampleFunc=1, InputSlotClass=0, StepRate=0
  Final input layout: 2 elements
    [0]: POSITION (index 0), format 6, slot 0, offset 0
    [1]: TEXCOORD (index 0), format 16, slot 0, offset 16
  Reflecting vertex shader to verify input signature...
    Shader expects 2 input parameters:
      [0]: POSITION0 (semantic index 0), mask 0x07
      [1]: TEXCOORD0 (semantic index 0), mask 0x03
  Creating pipeline state (this may take a moment)...
Device::createRenderPipeline() SUCCESS - PSO=000001DEC642C840, RootSig=000001DEC64559B0
RenderPipelineState: Set topology to TRIANGLELIST
Device::createRenderPipeline() START - debugName=''
  Getting shader bytecode...
  VS bytecode: 14508 bytes, PS bytecode: 14748 bytes
  Creating root signature with Push Constants (b2)/CBVs (b0,b1)/SRVs/Samplers
  Serializing root signature...
  Root signature serialized OK
  Creating root signature...
  Root signature created OK
  PSO RenderTarget[0]: BlendEnable=0, SrcBlend=2, DstBlend=1, WriteMask=0x0F
  PSO NumRenderTargets = 1 (color attachments = 1)
  PSO RTVFormats[0] = 87 (IGL format 17)
  Setting PSO topology type to TRIANGLE
  Processing vertex input state: 2 attributes
    Attribute 0: name='position', format=2, offset=0, bufferIndex=0
      Mapped 'position' -> 'POSITION'
      bufferIndex=0, isInstance=0, sampleFunc=1, InputSlotClass=0, StepRate=0
    Attribute 1: name='uv_in', format=1, offset=16, bufferIndex=0
      Mapped 'uv_in' -> 'TEXCOORD'
      bufferIndex=0, isInstance=0, sampleFunc=1, InputSlotClass=0, StepRate=0
  Final input layout: 2 elements
    [0]: POSITION (index 0), format 6, slot 0, offset 0
    [1]: TEXCOORD (index 0), format 16, slot 0, offset 16
  Reflecting vertex shader to verify input signature...
    Shader expects 2 input parameters:
      [0]: POSITION0 (semantic index 0), mask 0x07
      [1]: TEXCOORD0 (semantic index 0), mask 0x03
  Creating pipeline state (this may take a moment)...
Device::createRenderPipeline() SUCCESS - PSO=000001DEBF20A7F0, RootSig=000001DEC64559B0
RenderPipelineState: Set topology to TRIANGLELIST
CommandBuffer::begin() - Resetting allocator...
CommandBuffer::begin() - Allocator reset OK, resetting command list...
CommandBuffer::begin() - Command list reset OK
RenderCommandEncoder::RenderCommandEncoder() - START
RenderCommandEncoder: Got context
RenderCommandEncoder: Using DescriptorHeapManager heaps
RenderCommandEncoder: CBV/SRV/UAV heap = 000001DEC63B9890
RenderCommandEncoder: Sampler heap = 000001DEC63DFCF0
RenderCommandEncoder: Setting descriptor heaps...
RenderCommandEncoder: Descriptor heaps set
RenderCommandEncoder: Setting up RTV...
RenderCommandEncoder: DescriptorHeapManager = 000001DEBC4A2C10
RenderCommandEncoder: Checking framebuffer_=000001DEC636A320
RenderCommandEncoder: Has framebuffer with color attachment AND DescriptorHeapManager
RenderCommandEncoder: MRT count = 1 (indices.size=1)
RenderCommandEncoder: MRT loop i=0, tex=000001DEC6390AE0, resource=000001DEC6377F60
RenderCommandEncoder: Clearing MRT attachment 0 with color (0.00, 1.00, 1.00, 1.00)
RenderCommandEncoder: MRT Created RTV #0, total RTVs now=1
RenderCommandEncoder: MRT Total RTVs created: 1
RenderCommandEncoder: Cleared depth-stencil (depth=1, stencil=1, depthVal=1.00, stencilVal=0)
RenderCommandEncoder: OMSetRenderTargets with 1 RTVs + DSV
RenderCommandEncoder: Setting default viewport...
RenderCommandEncoder: Using framebuffer color attachment
RenderCommandEncoder: Framebuffer dimensions: 640x360
RenderCommandEncoder: Set default viewport/scissor to 640x360
RenderCommandEncoder: Constructor complete!
bindRenderPipelineState: PSO=000001DEC642C840, RootSig=000001DEC64559B0
bindRenderPipelineState: Setting topology=4
bindBuffer START #1: index=0
bindBuffer: getting d3dBuffer...
bindBuffer: getting gpuAddress(offset=0)...
bindBuffer: got address=0x87be000, aligned=1
bindBuffer: commandList_ pointer = 000001DEBF2CB560
bindBuffer: Cached CBV at index 0 with address 0x87be000
bindBuffer END #1
bindTexture called #1: index=0, texture=000001DEC638FD20
bindTexture: getting context...
bindTexture: resource=000001DEC63EE210, format=19, dimensions=1024x1024
bindTexture: allocated descriptor slot 0 for texture index t0
bindTexture: resource dimension=3, texture type=1
bindTexture: using TEXTURE2D view dimension (mip offset=0, mip count=11)
bindTexture: heap=000001DEC63B9890, heapStart CPU=0x1dec40a5000, GPU=0x35678a00120000
bindTexture: creating SRV at slot 0, CPU handle 0x1dec40a5000
bindTexture: cached texture[0] GPU handle 0x35678a00120000 (offset from heap start: 0)
bindTexture: done
bindSamplerState called #1: index=0, sampler=000001DEC627EFE0
bindSamplerState: allocated descriptor slot 0 for sampler index s0
bindSamplerState: creating sampler at slot 0, CPU handle 0x1dec3f65100
bindSamplerState: cached sampler[0] GPU handle 0x45678a00010100
bindVertexBuffer called #1: index=0
bindIndexBuffer called #1
DrawIndexed called: indexCount=6, instanceCount=1
DrawIndexed: bound CBVs - b0=0x87be000 (bound=1), b1=0x0 (bound=0)
DrawIndexed: bound texture descriptor table at t0 (handle=0x35678a00120000, count=1)
DrawIndexed: bound sampler descriptor table at s0 (handle=0x45678a00010100, count=1)
DrawIndexed: VB[0] = GPU 0x87bb000, size=96, stride=24
DrawIndexed: CB drawCount now=1
getCurrentBackBuffer(): index=0, resource=000001DEC637A510
RenderCommandEncoder::RenderCommandEncoder() - START
RenderCommandEncoder: Got context
RenderCommandEncoder: Using DescriptorHeapManager heaps
RenderCommandEncoder: CBV/SRV/UAV heap = 000001DEC63B9890
RenderCommandEncoder: Sampler heap = 000001DEC63DFCF0
RenderCommandEncoder: Setting descriptor heaps...
RenderCommandEncoder: Descriptor heaps set
RenderCommandEncoder: Setting up RTV...
RenderCommandEncoder: DescriptorHeapManager = 000001DEBC4A2C10
RenderCommandEncoder: Checking framebuffer_=000001DEC6369420
RenderCommandEncoder: Has framebuffer with color attachment AND DescriptorHeapManager
RenderCommandEncoder: MRT count = 1 (indices.size=1)
RenderCommandEncoder: MRT loop i=0, tex=000001DEC638FBE0, resource=000001DEC637A510
RenderCommandEncoder: Clearing MRT attachment 0 with color (0.00, 1.00, 1.00, 1.00)
RenderCommandEncoder: MRT Created RTV #0, total RTVs now=1
RenderCommandEncoder: MRT Total RTVs created: 1
RenderCommandEncoder: Cleared depth-stencil (depth=1, stencil=1, depthVal=1.00, stencilVal=0)
RenderCommandEncoder: OMSetRenderTargets with 1 RTVs + DSV
RenderCommandEncoder: Setting default viewport...
RenderCommandEncoder: Using framebuffer color attachment
RenderCommandEncoder: Framebuffer dimensions: 640x360
RenderCommandEncoder: Set default viewport/scissor to 640x360
RenderCommandEncoder: Constructor complete!
bindRenderPipelineState: PSO=000001DEBF20A7F0, RootSig=000001DEC64559B0
bindRenderPipelineState: Setting topology=4
bindBuffer START #2: index=0
bindBuffer: getting d3dBuffer...
bindBuffer: getting gpuAddress(offset=0)...
bindBuffer: got address=0x87be000, aligned=1
bindBuffer: commandList_ pointer = 000001DEBF2CB560
bindBuffer: Cached CBV at index 0 with address 0x87be000
bindBuffer END #2
bindTexture called #2: index=0, texture=000001DEC6390AE0
bindTexture: getting context...
bindTexture: resource=000001DEC6377F60, format=16, dimensions=640x360
bindTexture: allocated descriptor slot 0 for texture index t0
bindTexture: resource dimension=3, texture type=1
bindTexture: using TEXTURE2D view dimension (mip offset=0, mip count=1)
bindTexture: heap=000001DEC63B9890, heapStart CPU=0x1dec40a5000, GPU=0x35678a00120000
bindTexture: creating SRV at slot 0, CPU handle 0x1dec40a5000
bindTexture: cached texture[0] GPU handle 0x35678a00120000 (offset from heap start: 0)
bindTexture: done
bindSamplerState called #2: index=0, sampler=000001DEC627EFE0
bindSamplerState: allocated descriptor slot 0 for sampler index s0
bindSamplerState: creating sampler at slot 0, CPU handle 0x1dec3f65100
bindSamplerState: cached sampler[0] GPU handle 0x45678a00010100
bindVertexBuffer called #2: index=0
bindIndexBuffer called #2
DrawIndexed called: indexCount=6, instanceCount=1
DrawIndexed: bound CBVs - b0=0x87be000 (bound=1), b1=0x0 (bound=0)
DrawIndexed: bound texture descriptor table at t0 (handle=0x35678a00120000, count=1)
DrawIndexed: bound sampler descriptor table at s0 (handle=0x45678a00010100, count=1)
DrawIndexed: VB[0] = GPU 0x87bc000, size=96, stride=24
DrawIndexed: CB drawCount now=2
getCurrentBackBuffer(): index=0, resource=000001DEC637A510
CommandQueue::submit() - Executing command list...
CommandQueue::submit() - Command list executed, checking device status...
CommandQueue::submit() - Device OK, presenting...
CommandQueue::submit() - Present OK
CommandQueue::submit() - Waiting for GPU...
CommandQueue::submit() - Complete!
CommandQueue::submit() - Aggregating 2 draws from CB into device
CommandQueue::submit() - Device drawCount now=2

We are running screenshot test - breaking after 0 frame
copyBytes: format=17 (DXGI=87), bytesPerPixel=4, first 4 bytes: 255,255,0,255
Writing screenshot to: 'artifacts/audit_verification/TQMultiRenderPassSession.png'
main(): shell.run() completed, calling teardown()...
=== TinyMeshSession D3D12 Exiting ===
