=== TinyMeshSession D3D12 Starting ===
main(): Calling shell.initialize()...
GlfwShell::initialize() - START
GlfwShell::initialize() - Creating factory
GlfwShell::initialize() - requestedConfigs.size()=1
GlfwShell::initialize() - Creating window
GlfwShell::initialize() - Creating platform
D3D12Context: Creating D3D12 device...
D3D12Context: Debug layer ENABLED (to capture validation messages)
D3D12Context: Using HW adapter (FL 12.0)
D3D12Context: Info queue configured (break on error: DISABLED)
D3D12Context: Device created successfully
D3D12Context: Creating command queue...
D3D12Context: Command queue created successfully
D3D12Context: Creating swapchain (640x360)...
D3D12Context: Swapchain created successfully
D3D12Context: Creating RTV heap...
D3D12Context: RTV heap created successfully
D3D12Context: Creating back buffers...
D3D12Context: Back buffers created successfully
D3D12Context: Creating descriptor heaps...
D3D12Context: Creating descriptor heap manager...
D3D12Context: Descriptor heap manager created successfully
D3D12Context: Descriptor heaps created successfully
D3D12Context: Creating fence for GPU synchronization...
D3D12Context: Fence created successfully
D3D12Context: Initialization complete!
GlfwShell::initialize() - Creating session
Device::createTexture: IGL format=16 -> DXGI format=28
Texture::createFromResource - SUCCESS: 512x64 format=16
Texture::upload() - START: 512x64
Texture::upload() - Proceeding with upload
Texture::upload() - Dimensions: 512x64x1, bytesPerRow=2048, numRows=64, totalBytes=131072
Texture::upload() - Layout: RowPitch=2048, Depth=1, Format=28, Dimension=3
Texture::upload() - Copy loop: depth=1, rows=64, srcDepthPitch=131072, dstDepthPitch=131072
Texture::upload() - CopyTextureRegion: srcBox (0,0,0)->(512,64,1), dst offset (0,0,0)
Texture::upload() - Creating fence for GPU sync
Texture::upload() - Signaling fence and waiting...
Texture::upload() - Fence signaled, upload complete!
Device::createShaderModule() - stage=0, entryPoint='main', debugName='Shader Module: imgui::vertex (D3D12)'
  Using binary input (972 bytes)
Device::createShaderModule() - stage=1, entryPoint='main', debugName='Shader Module: imgui::fragment (D3D12)'
  Using binary input (732 bytes)
Device::createRenderPipeline() START - debugName=''
  Getting shader bytecode...
  VS bytecode: 972 bytes, PS bytecode: 732 bytes
  Creating root signature with Push Constants (b2)/CBVs (b0,b1)/SRVs/Samplers
  Serializing root signature...
  Root signature serialized OK
  Creating root signature...
  Root signature created OK
  PSO RenderTarget[0]: BlendEnable=0, SrcBlend=2, DstBlend=1
  PSO NumRenderTargets = 1 (color attachments = 1)
  PSO RTVFormats[0] = 28 (IGL format 16)
  Setting PSO topology type to TRIANGLE
  Processing vertex input state: 3 attributes
    Attribute 0: name='position', format=1, offset=0, bufferIndex=0
      Mapped 'position' -> 'POSITION'
      bufferIndex=0, isInstance=0, sampleFunc=1, InputSlotClass=0, StepRate=0
    Attribute 1: name='texCoords', format=1, offset=8, bufferIndex=0
      Mapped 'texCoords' -> 'TEXCOORD'
      bufferIndex=0, isInstance=0, sampleFunc=1, InputSlotClass=0, StepRate=0
    Attribute 2: name='color', format=27, offset=16, bufferIndex=0
      Mapped 'color' -> 'COLOR'
      bufferIndex=0, isInstance=0, sampleFunc=1, InputSlotClass=0, StepRate=0
  Final input layout: 3 elements
    [0]: POSITION (index 0), format 16, slot 0, offset 0
    [1]: TEXCOORD (index 0), format 16, slot 0, offset 8
    [2]: COLOR (index 0), format 28, slot 0, offset 16
  Reflecting vertex shader to verify input signature...
    Shader expects 3 input parameters:
      [0]: POSITION0 (semantic index 0), mask 0x03
      [1]: TEXCOORD0 (semantic index 0), mask 0x03
      [2]: COLOR0 (semantic index 0), mask 0x0F
  Creating pipeline state (this may take a moment)...
Device::createRenderPipeline() SUCCESS - PSO=000002D45D71E6B0, RootSig=000002D463F46A20
RenderPipelineState: Set topology to TRIANGLELIST
[D3D12] hasFeature query: 0
GlfwShell::initialize() - Initializing session
Device::createBuffer: type=2, requested_size=768, aligned_size=768, isUniform=0
Device::createBuffer: Staging initial data via UPLOAD heap for DEFAULT buffer
Device::createBuffer: type=1, requested_size=72, aligned_size=72, isUniform=0
Device::createBuffer: Staging initial data via UPLOAD heap for DEFAULT buffer
Device::createBuffer: type=4, requested_size=128, aligned_size=256, isUniform=1
Device::createBuffer: Uniform buffer #1 created, GPU address=0x8e22000
Device::createBuffer: type=4, requested_size=4096, aligned_size=4096, isUniform=1
Device::createBuffer: Uniform buffer #2 created, GPU address=0x8e23000
Device::createBuffer: type=4, requested_size=128, aligned_size=256, isUniform=1
Device::createBuffer: Uniform buffer #3 created, GPU address=0x8e24000
Device::createBuffer: type=4, requested_size=4096, aligned_size=4096, isUniform=1
Device::createBuffer: Uniform buffer #4 created, GPU address=0x8e25000
Device::createBuffer: type=4, requested_size=128, aligned_size=256, isUniform=1
Device::createBuffer: Uniform buffer #5 created, GPU address=0x8e26000
Device::createBuffer: type=4, requested_size=4096, aligned_size=4096, isUniform=1
Device::createTexture: IGL format=20 -> DXGI format=91
Texture::createFromResource - SUCCESS: 256x256 format=20
Texture::upload() - START: 256x256
Texture::upload() - Proceeding with upload
Texture::upload() - Dimensions: 256x256x1, bytesPerRow=1024, numRows=256, totalBytes=262144
Texture::upload() - Layout: RowPitch=1024, Depth=1, Format=91, Dimension=3
Texture::upload() - Copy loop: depth=1, rows=256, srcDepthPitch=262144, dstDepthPitch=262144
Texture::upload() - CopyTextureRegion: srcBox (0,0,0)->(256,256,1), dst offset (0,0,0)
Texture::upload() - Creating fence for GPU sync
Texture::upload() - Signaling fence and waiting...
Texture::upload() - Fence signaled, upload complete!
Device::createTexture: IGL format=19 -> DXGI format=29
Texture::createFromResource - SUCCESS: 1024x1024 format=19
Texture::upload() - START: 1024x1024
Texture::upload() - Proceeding with upload
Texture::upload() - Dimensions: 1024x1024x1, bytesPerRow=4096, numRows=1024, totalBytes=4194304
Texture::upload() - Layout: RowPitch=4096, Depth=1, Format=29, Dimension=3
Texture::upload() - Copy loop: depth=1, rows=1024, srcDepthPitch=4194304, dstDepthPitch=4194304
Texture::upload() - CopyTextureRegion: srcBox (0,0,0)->(1024,1024,1), dst offset (0,0,0)
Texture::upload() - Creating fence for GPU sync
Texture::upload() - Signaling fence and waiting...
Texture::upload() - Fence signaled, upload complete!
GlfwShell::initialize() - SUCCESS
main(): Initialization successful, calling shell.run()...
GlfwShell::run() started, window_=000002D45A8B2AB0
Frame 0: willTick()
createSurfaceTextures() called #1
PlatformDevice::createTextureFromNativeDrawable() called
getCurrentBackBuffer(): index=0, resource=000002D463EC6A60
  backBufferIndex=0, backBuffer=000002D463EC6A60
Texture::createFromResource - SUCCESS: 640x360 format=17
Device::createTexture: IGL format=82 -> DXGI format=40
Texture::createFromResource - SUCCESS: 640x360 format=82
Device::createShaderModule() - stage=0, entryPoint='main', debugName=''
  Compiling HLSL from string (477 bytes)...
  DEBUG BUILD: Enabling shader debug info and disabling optimizations
  Shader compiled successfully (15612 bytes bytecode)
Device::createShaderModule() - stage=1, entryPoint='main', debugName=''
  Compiling HLSL from string (375 bytes)...
  DEBUG BUILD: Enabling shader debug info and disabling optimizations
  Shader compiled successfully (14856 bytes bytecode)
Device::createRenderPipeline() START - debugName='Pipeline: mesh'
  Getting shader bytecode...
  VS bytecode: 15612 bytes, PS bytecode: 14856 bytes
  Creating root signature with Push Constants (b2)/CBVs (b0,b1)/SRVs/Samplers
  Serializing root signature...
  Root signature serialized OK
  Creating root signature...
  Root signature created OK
  PSO RenderTarget[0]: BlendEnable=0, SrcBlend=2, DstBlend=1
  PSO NumRenderTargets = 1 (color attachments = 1)
  PSO RTVFormats[0] = 87 (IGL format 17)
  Setting PSO topology type to TRIANGLE
  Processing vertex input state: 3 attributes
    Attribute 0: name='pos', format=2, offset=0, bufferIndex=0
      Mapped 'pos' -> 'POSITION'
      bufferIndex=0, isInstance=0, sampleFunc=1, InputSlotClass=0, StepRate=0
    Attribute 1: name='col', format=2, offset=12, bufferIndex=0
      Mapped 'col' -> 'COLOR'
      bufferIndex=0, isInstance=0, sampleFunc=1, InputSlotClass=0, StepRate=0
    Attribute 2: name='st', format=1, offset=24, bufferIndex=0
      Mapped 'st' -> 'TEXCOORD'
      bufferIndex=0, isInstance=0, sampleFunc=1, InputSlotClass=0, StepRate=0
  Final input layout: 3 elements
    [0]: POSITION (index 0), format 6, slot 0, offset 0
    [1]: COLOR (index 0), format 6, slot 0, offset 12
    [2]: TEXCOORD (index 0), format 16, slot 0, offset 24
  Reflecting vertex shader to verify input signature...
    Shader expects 3 input parameters:
      [0]: POSITION0 (semantic index 0), mask 0x07
      [1]: COLOR0 (semantic index 0), mask 0x07
      [2]: TEXCOORD0 (semantic index 0), mask 0x03
  Creating pipeline state (this may take a moment)...
Device::createRenderPipeline() SUCCESS - PSO=000002D45D738AC0, RootSig=000002D45D7266E0
RenderPipelineState: Set PIX debug name 'PSO_Pipeline: mesh'
RenderPipelineState: Set PIX root signature name 'RootSig_Pipeline: mesh'
RenderPipelineState: Set topology to TRIANGLELIST
Buffer::upload #1: size=128
  Matrix row 0: [1.358, 0.000, 0.000, 0.000]
  Matrix row 1: [0.000, 2.414, 0.000, 0.000]
  Matrix row 2: [0.000, 0.000, 1.000, 1.000]
  Matrix row 3: [0.000, 0.000, -0.200, 0.000]
CommandBuffer::begin() - Resetting allocator...
CommandBuffer::begin() - Allocator reset OK, resetting command list...
CommandBuffer::begin() - Command list reset OK
RenderCommandEncoder::RenderCommandEncoder() - START
RenderCommandEncoder: Got context
RenderCommandEncoder: Using DescriptorHeapManager heaps
RenderCommandEncoder: CBV/SRV/UAV heap = 000002D463F04AF0
RenderCommandEncoder: Sampler heap = 000002D463F2AF50
RenderCommandEncoder: Setting descriptor heaps...
RenderCommandEncoder: Descriptor heaps set
RenderCommandEncoder: Setting up RTV...
RenderCommandEncoder: DescriptorHeapManager = 000002D463B264A0
RenderCommandEncoder: Checking framebuffer_=000002D45D4E7A50
RenderCommandEncoder: Has framebuffer with color attachment AND DescriptorHeapManager
RenderCommandEncoder: MRT count = 1 (indices.size=1)
RenderCommandEncoder: MRT loop i=0, tex=000002D45D7F55C0, resource=000002D463EC6A60
RenderCommandEncoder: Clearing MRT attachment 0 with color (1.00, 0.00, 0.00, 1.00)
RenderCommandEncoder: MRT Created RTV #0, total RTVs now=1
RenderCommandEncoder: MRT Total RTVs created: 1
RenderCommandEncoder: Binding RTV without DSV (no hasDepth)
RenderCommandEncoder: OMSetRenderTargets with 1 RTVs, no DSV (no hasDepth)
RenderCommandEncoder: Setting default viewport...
RenderCommandEncoder: Using framebuffer color attachment
RenderCommandEncoder: Framebuffer dimensions: 640x360
RenderCommandEncoder: Set default viewport/scissor to 640x360
RenderCommandEncoder: Constructor complete!
bindRenderPipelineState: PSO=000002D45D738AC0, RootSig=000002D45D7266E0
bindRenderPipelineState: Setting topology=4
bindViewport called #1: x=0.0, y=0.0, w=640.0, h=360.0
bindVertexBuffer called #1: index=0
bindBuffer START #1: index=0
bindBuffer: getting d3dBuffer...
bindBuffer: getting gpuAddress(offset=0)...
bindBuffer: got address=0x8e22000, aligned=1
bindBuffer: commandList_ pointer = 000002D46402CC70
bindBuffer: Cached CBV at index 0 with address 0x8e22000
bindBuffer END #1
bindTexture called #1: index=0, texture=000002D45D7F64C0
bindTexture: getting context...
bindTexture: resource=000002D463EC5DD0, format=20, dimensions=256x256
bindTexture: using descriptor slot 0 for t0
bindTexture: resource dimension=3, texture type=1
bindTexture: using TEXTURE2D view dimension (mip offset=0, mip count=1)
bindTexture: heap=000002D463F04AF0, heapStart CPU=0x2d461be5000, GPU=0x35678a00120000
bindTexture: creating SRV at slot 0, CPU handle 0x2d461be5000
bindTexture: cached texture[0] GPU handle 0x35678a00120000 (offset from heap start: 0)
bindTexture: done
bindTexture called #2: index=1, texture=000002D45D7F5480
bindTexture: getting context...
bindTexture: resource=000002D463ECC250, format=19, dimensions=1024x1024
bindTexture: using descriptor slot 1 for t1
bindTexture: resource dimension=3, texture type=1
bindTexture: using TEXTURE2D view dimension (mip offset=0, mip count=1)
bindTexture: heap=000002D463F04AF0, heapStart CPU=0x2d461be5000, GPU=0x35678a00120000
bindTexture: creating SRV at slot 1, CPU handle 0x2d461be5020
bindTexture: cached texture[1] GPU handle 0x35678a00120020 (offset from heap start: 32)
bindTexture: done
bindSamplerState called #1: index=0, sampler=000002D463DBDAC0
bindSamplerState: using descriptor slot 0 for s0
bindSamplerState: creating sampler at slot 0, CPU handle 0x2d461aa5100
bindSamplerState: cached sampler[0] GPU handle 0x45678a00010100
bindSamplerState called #2: index=1, sampler=000002D463DBDAC0
bindSamplerState: using descriptor slot 1 for s1
bindSamplerState: creating sampler at slot 1, CPU handle 0x2d461aa5120
bindSamplerState: cached sampler[1] GPU handle 0x45678a00010120
bindIndexBuffer called #1
bindBuffer START #2: index=1
bindBuffer: getting d3dBuffer...
bindBuffer: getting gpuAddress(offset=0)...
bindBuffer: got address=0x8e23000, aligned=1
bindBuffer: commandList_ pointer = 000002D46402CC70
bindBuffer: Cached CBV at index 1 with address 0x8e23000
bindBuffer END #2
DrawIndexed called: indexCount=36, instanceCount=1
DrawIndexed: bound CBVs - b0=0x8e22000 (bound=1), b1=0x8e23000 (bound=1)
DrawIndexed: Setting descriptor heaps: CBV/SRV/UAV=000002D463F04AF0, Sampler=000002D463F2AF50
DrawIndexed: bound texture descriptor table at t0 (handle=0x35678a00120000, count=2)
DrawIndexed: bound sampler descriptor table at s0 (handle=0x45678a00010100, count=2)
DrawIndexed: VB[0] = GPU 0x879f000, size=768, stride=32
DrawIndexed: CB drawCount now=1
bindBuffer START #3: index=1
bindBuffer: getting d3dBuffer...
bindBuffer: getting gpuAddress(offset=256)...
bindBuffer: got address=0x8e23100, aligned=1
bindBuffer: commandList_ pointer = 000002D46402CC70
bindBuffer: Cached CBV at index 1 with address 0x8e23100
bindBuffer END #3
DrawIndexed called: indexCount=36, instanceCount=1
DrawIndexed: bound CBVs - b0=0x8e22000 (bound=1), b1=0x8e23100 (bound=1)
DrawIndexed: Setting descriptor heaps: CBV/SRV/UAV=000002D463F04AF0, Sampler=000002D463F2AF50
DrawIndexed: bound texture descriptor table at t0 (handle=0x35678a00120000, count=2)
DrawIndexed: bound sampler descriptor table at s0 (handle=0x45678a00010100, count=2)
DrawIndexed: VB[0] = GPU 0x879f000, size=768, stride=32
DrawIndexed: CB drawCount now=2
bindBuffer START #4: index=1
bindBuffer: getting d3dBuffer...
bindBuffer: getting gpuAddress(offset=512)...
bindBuffer: got address=0x8e23200, aligned=1
bindBuffer: commandList_ pointer = 000002D46402CC70
bindBuffer: Cached CBV at index 1 with address 0x8e23200
bindBuffer END #4
DrawIndexed called: indexCount=36, instanceCount=1
DrawIndexed: bound CBVs - b0=0x8e22000 (bound=1), b1=0x8e23200 (bound=1)
DrawIndexed: Setting descriptor heaps: CBV/SRV/UAV=000002D463F04AF0, Sampler=000002D463F2AF50
DrawIndexed: bound texture descriptor table at t0 (handle=0x35678a00120000, count=2)
DrawIndexed: bound sampler descriptor table at s0 (handle=0x45678a00010100, count=2)
DrawIndexed: VB[0] = GPU 0x879f000, size=768, stride=32
DrawIndexed: CB drawCount now=3
bindBuffer START #5: index=1
bindBuffer: getting d3dBuffer...
bindBuffer: getting gpuAddress(offset=768)...
bindBuffer: got address=0x8e23300, aligned=1
bindBuffer: commandList_ pointer = 000002D46402CC70
bindBuffer: Cached CBV at index 1 with address 0x8e23300
bindBuffer END #5
DrawIndexed: bound CBVs - b0=0x8e22000 (bound=1), b1=0x8e23300 (bound=1)
DrawIndexed: Setting descriptor heaps: CBV/SRV/UAV=000002D463F04AF0, Sampler=000002D463F2AF50
DrawIndexed: bound texture descriptor table at t0 (handle=0x35678a00120000, count=2)
DrawIndexed: bound sampler descriptor table at s0 (handle=0x45678a00010100, count=2)
DrawIndexed: VB[0] = GPU 0x879f000, size=768, stride=32
DrawIndexed: CB drawCount now=4
bindBuffer: getting d3dBuffer...
bindBuffer: getting gpuAddress(offset=1024)...
bindBuffer: got address=0x8e23400, aligned=1
bindBuffer: commandList_ pointer = 000002D46402CC70
bindBuffer: Cached CBV at index 1 with address 0x8e23400
DrawIndexed: bound CBVs - b0=0x8e22000 (bound=1), b1=0x8e23400 (bound=1)
DrawIndexed: Setting descriptor heaps: CBV/SRV/UAV=000002D463F04AF0, Sampler=000002D463F2AF50
DrawIndexed: bound texture descriptor table at t0 (handle=0x35678a00120000, count=2)
DrawIndexed: bound sampler descriptor table at s0 (handle=0x45678a00010100, count=2)
DrawIndexed: VB[0] = GPU 0x879f000, size=768, stride=32
DrawIndexed: CB drawCount now=5
bindBuffer: getting d3dBuffer...
bindBuffer: getting gpuAddress(offset=1280)...
bindBuffer: got address=0x8e23500, aligned=1
bindBuffer: commandList_ pointer = 000002D46402CC70
bindBuffer: Cached CBV at index 1 with address 0x8e23500
DrawIndexed: bound CBVs - b0=0x8e22000 (bound=1), b1=0x8e23500 (bound=1)
DrawIndexed: Setting descriptor heaps: CBV/SRV/UAV=000002D463F04AF0, Sampler=000002D463F2AF50
DrawIndexed: bound texture descriptor table at t0 (handle=0x35678a00120000, count=2)
DrawIndexed: bound sampler descriptor table at s0 (handle=0x45678a00010100, count=2)
DrawIndexed: VB[0] = GPU 0x879f000, size=768, stride=32
DrawIndexed: CB drawCount now=6
bindBuffer: getting d3dBuffer...
bindBuffer: getting gpuAddress(offset=1536)...
bindBuffer: got address=0x8e23600, aligned=1
bindBuffer: commandList_ pointer = 000002D46402CC70
bindBuffer: Cached CBV at index 1 with address 0x8e23600
DrawIndexed: bound CBVs - b0=0x8e22000 (bound=1), b1=0x8e23600 (bound=1)
DrawIndexed: Setting descriptor heaps: CBV/SRV/UAV=000002D463F04AF0, Sampler=000002D463F2AF50
DrawIndexed: bound texture descriptor table at t0 (handle=0x35678a00120000, count=2)
DrawIndexed: bound sampler descriptor table at s0 (handle=0x45678a00010100, count=2)
DrawIndexed: VB[0] = GPU 0x879f000, size=768, stride=32
DrawIndexed: CB drawCount now=7
bindBuffer: getting d3dBuffer...
bindBuffer: getting gpuAddress(offset=1792)...
bindBuffer: got address=0x8e23700, aligned=1
bindBuffer: commandList_ pointer = 000002D46402CC70
bindBuffer: Cached CBV at index 1 with address 0x8e23700
DrawIndexed: bound CBVs - b0=0x8e22000 (bound=1), b1=0x8e23700 (bound=1)
DrawIndexed: Setting descriptor heaps: CBV/SRV/UAV=000002D463F04AF0, Sampler=000002D463F2AF50
DrawIndexed: bound texture descriptor table at t0 (handle=0x35678a00120000, count=2)
DrawIndexed: bound sampler descriptor table at s0 (handle=0x45678a00010100, count=2)
DrawIndexed: VB[0] = GPU 0x879f000, size=768, stride=32
DrawIndexed: CB drawCount now=8
bindBuffer: getting d3dBuffer...
bindBuffer: getting gpuAddress(offset=2048)...
bindBuffer: got address=0x8e23800, aligned=1
bindBuffer: commandList_ pointer = 000002D46402CC70
bindBuffer: Cached CBV at index 1 with address 0x8e23800
DrawIndexed: bound CBVs - b0=0x8e22000 (bound=1), b1=0x8e23800 (bound=1)
DrawIndexed: Setting descriptor heaps: CBV/SRV/UAV=000002D463F04AF0, Sampler=000002D463F2AF50
DrawIndexed: bound texture descriptor table at t0 (handle=0x35678a00120000, count=2)
DrawIndexed: bound sampler descriptor table at s0 (handle=0x45678a00010100, count=2)
DrawIndexed: VB[0] = GPU 0x879f000, size=768, stride=32
DrawIndexed: CB drawCount now=9
bindBuffer: getting d3dBuffer...
bindBuffer: getting gpuAddress(offset=2304)...
bindBuffer: got address=0x8e23900, aligned=1
bindBuffer: commandList_ pointer = 000002D46402CC70
bindBuffer: Cached CBV at index 1 with address 0x8e23900
DrawIndexed: bound CBVs - b0=0x8e22000 (bound=1), b1=0x8e23900 (bound=1)
DrawIndexed: Setting descriptor heaps: CBV/SRV/UAV=000002D463F04AF0, Sampler=000002D463F2AF50
DrawIndexed: bound texture descriptor table at t0 (handle=0x35678a00120000, count=2)
DrawIndexed: bound sampler descriptor table at s0 (handle=0x45678a00010100, count=2)
DrawIndexed: VB[0] = GPU 0x879f000, size=768, stride=32
DrawIndexed: CB drawCount now=10
bindBuffer: getting d3dBuffer...
bindBuffer: getting gpuAddress(offset=2560)...
bindBuffer: got address=0x8e23a00, aligned=1
bindBuffer: commandList_ pointer = 000002D46402CC70
bindBuffer: Cached CBV at index 1 with address 0x8e23a00
DrawIndexed: bound CBVs - b0=0x8e22000 (bound=1), b1=0x8e23a00 (bound=1)
DrawIndexed: Setting descriptor heaps: CBV/SRV/UAV=000002D463F04AF0, Sampler=000002D463F2AF50
DrawIndexed: bound texture descriptor table at t0 (handle=0x35678a00120000, count=2)
DrawIndexed: bound sampler descriptor table at s0 (handle=0x45678a00010100, count=2)
DrawIndexed: VB[0] = GPU 0x879f000, size=768, stride=32
DrawIndexed: CB drawCount now=11
bindBuffer: getting d3dBuffer...
bindBuffer: getting gpuAddress(offset=2816)...
bindBuffer: got address=0x8e23b00, aligned=1
bindBuffer: commandList_ pointer = 000002D46402CC70
bindBuffer: Cached CBV at index 1 with address 0x8e23b00
DrawIndexed: bound CBVs - b0=0x8e22000 (bound=1), b1=0x8e23b00 (bound=1)
DrawIndexed: Setting descriptor heaps: CBV/SRV/UAV=000002D463F04AF0, Sampler=000002D463F2AF50
DrawIndexed: bound texture descriptor table at t0 (handle=0x35678a00120000, count=2)
DrawIndexed: bound sampler descriptor table at s0 (handle=0x45678a00010100, count=2)
DrawIndexed: VB[0] = GPU 0x879f000, size=768, stride=32
DrawIndexed: CB drawCount now=12
bindBuffer: getting d3dBuffer...
bindBuffer: getting gpuAddress(offset=3072)...
bindBuffer: got address=0x8e23c00, aligned=1
bindBuffer: commandList_ pointer = 000002D46402CC70
bindBuffer: Cached CBV at index 1 with address 0x8e23c00
DrawIndexed: bound CBVs - b0=0x8e22000 (bound=1), b1=0x8e23c00 (bound=1)
DrawIndexed: Setting descriptor heaps: CBV/SRV/UAV=000002D463F04AF0, Sampler=000002D463F2AF50
DrawIndexed: bound texture descriptor table at t0 (handle=0x35678a00120000, count=2)
DrawIndexed: bound sampler descriptor table at s0 (handle=0x45678a00010100, count=2)
DrawIndexed: VB[0] = GPU 0x879f000, size=768, stride=32
DrawIndexed: CB drawCount now=13
bindBuffer: getting d3dBuffer...
bindBuffer: getting gpuAddress(offset=3328)...
bindBuffer: got address=0x8e23d00, aligned=1
bindBuffer: commandList_ pointer = 000002D46402CC70
bindBuffer: Cached CBV at index 1 with address 0x8e23d00
DrawIndexed: bound CBVs - b0=0x8e22000 (bound=1), b1=0x8e23d00 (bound=1)
DrawIndexed: Setting descriptor heaps: CBV/SRV/UAV=000002D463F04AF0, Sampler=000002D463F2AF50
DrawIndexed: bound texture descriptor table at t0 (handle=0x35678a00120000, count=2)
DrawIndexed: bound sampler descriptor table at s0 (handle=0x45678a00010100, count=2)
DrawIndexed: VB[0] = GPU 0x879f000, size=768, stride=32
DrawIndexed: CB drawCount now=14
bindBuffer: getting d3dBuffer...
bindBuffer: getting gpuAddress(offset=3584)...
bindBuffer: got address=0x8e23e00, aligned=1
bindBuffer: commandList_ pointer = 000002D46402CC70
bindBuffer: Cached CBV at index 1 with address 0x8e23e00
DrawIndexed: bound CBVs - b0=0x8e22000 (bound=1), b1=0x8e23e00 (bound=1)
DrawIndexed: Setting descriptor heaps: CBV/SRV/UAV=000002D463F04AF0, Sampler=000002D463F2AF50
DrawIndexed: bound texture descriptor table at t0 (handle=0x35678a00120000, count=2)
DrawIndexed: bound sampler descriptor table at s0 (handle=0x45678a00010100, count=2)
DrawIndexed: VB[0] = GPU 0x879f000, size=768, stride=32
DrawIndexed: CB drawCount now=15
bindBuffer: getting d3dBuffer...
bindBuffer: getting gpuAddress(offset=3840)...
bindBuffer: got address=0x8e23f00, aligned=1
bindBuffer: commandList_ pointer = 000002D46402CC70
bindBuffer: Cached CBV at index 1 with address 0x8e23f00
DrawIndexed: bound CBVs - b0=0x8e22000 (bound=1), b1=0x8e23f00 (bound=1)
DrawIndexed: Setting descriptor heaps: CBV/SRV/UAV=000002D463F04AF0, Sampler=000002D463F2AF50
DrawIndexed: bound texture descriptor table at t0 (handle=0x35678a00120000, count=2)
DrawIndexed: bound sampler descriptor table at s0 (handle=0x45678a00010100, count=2)
DrawIndexed: VB[0] = GPU 0x879f000, size=768, stride=32
DrawIndexed: CB drawCount now=16
ImGui renderDrawData: DisplaySize=(320.0,180.0), FramebufferScale=(2.0,2.0), fb=(640,360), CmdLists=0, TotalVtx=0, TotalIdx=0
ImGui renderDrawData: Early return (invalid dimensions or no command lists)
getCurrentBackBuffer(): index=0, resource=000002D463EC6A60
CommandQueue::submit() - Executing command list...
CommandQueue::submit() - Command list executed, checking device status...
CommandQueue::submit() - Device OK, presenting...
CommandQueue::submit() - Present OK
CommandQueue::submit() - Waiting for GPU...
CommandQueue::submit() - Complete!
CommandQueue::submit() - Aggregating 16 draws from CB into device
CommandQueue::submit() - Device drawCount now=16

We are running screenshot test - breaking after 0 frame
copyBytes: format=17 (DXGI=87), bytesPerPixel=4, first 4 bytes: 0,0,255,255
Writing screenshot to: 'c:\Users\rudyb\source\repos\igl\igl\artifacts\tinymesh_fixed.png'
main(): shell.run() completed, calling teardown()...
=== TinyMeshSession D3D12 Exiting ===
